<?xml version="1.0" encoding="UTF-8"?>
<!-- Generated by org.testng.reporters.JUnitReportReporter -->
<testsuite hostname="josh-ThinkPad-L480" failures="0" tests="4" name="tests.Test1" time="0.012" errors="0" timestamp="2021-05-17T20:16:15 IST" skipped="0">
  <testcase classname="tests.Test1" name="test1" time="0.002"/>
  <system-out/>
  <testcase classname="tests.Test1" name="test1" time="0.002"/>
  <system-out/>
  <testcase classname="tests.Test1" name="test1" time="0.006"/>
  <system-out/>
  <testcase classname="tests.Test1" name="test1" time="0.002"/>
  <system-out/>
</testsuite> <!-- tests.Test1 -->
